TN:
SF:src/client/config/constants.ts
FNF:0
FNH:0
DA:11,1
DA:17,1
DA:23,1
LF:3
LH:3
BRF:0
BRH:0
end_of_record
TN:
SF:src/client/features/cards/cardsSlice.ts
FN:23,(anonymous_0)
FN:28,(anonymous_1)
FN:39,(anonymous_2)
FN:46,(anonymous_3)
FN:48,(anonymous_4)
FN:51,(anonymous_5)
FN:55,(anonymous_6)
FN:60,(anonymous_7)
FNF:8
FNH:5
FNDA:0,(anonymous_0)
FNDA:0,(anonymous_1)
FNDA:0,(anonymous_2)
FNDA:1,(anonymous_3)
FNDA:2,(anonymous_4)
FNDA:2,(anonymous_5)
FNDA:10,(anonymous_6)
FNDA:3,(anonymous_7)
DA:13,1
DA:21,1
DA:23,0
DA:26,1
DA:29,0
DA:33,0
DA:37,1
DA:39,0
DA:42,1
DA:47,1
DA:49,2
DA:52,2
DA:53,2
DA:56,10
DA:57,10
DA:58,10
DA:61,3
LF:17
LH:13
BRDA:28,0,0,0
BRF:1
BRH:0
end_of_record
TN:
SF:src/client/features/collection/collectionSlice.ts
FN:19,(anonymous_0)
FN:24,(anonymous_1)
FN:33,(anonymous_2)
FN:44,(anonymous_3)
FN:46,(anonymous_4)
FN:49,(anonymous_5)
FN:53,(anonymous_6)
FN:57,(anonymous_7)
FN:58,(anonymous_8)
FNF:9
FNH:6
FNDA:0,(anonymous_0)
FNDA:0,(anonymous_1)
FNDA:0,(anonymous_2)
FNDA:1,(anonymous_3)
FNDA:2,(anonymous_4)
FNDA:7,(anonymous_5)
FNDA:2,(anonymous_6)
FNDA:7,(anonymous_7)
FNDA:14,(anonymous_8)
DA:11,1
DA:17,1
DA:19,0
DA:22,1
DA:25,0
DA:26,0
DA:27,0
DA:31,1
DA:34,0
DA:35,0
DA:36,0
DA:40,1
DA:45,1
DA:47,2
DA:50,7
DA:51,7
DA:54,2
DA:55,2
DA:58,14
LF:19
LH:12
BRDA:26,0,0,0
BRDA:26,0,1,0
BRDA:35,1,0,0
BRDA:35,1,1,0
BRDA:55,2,0,2
BRDA:55,2,1,1
BRF:6
BRH:2
end_of_record
TN:
SF:src/client/features/notifications/notificationsSlice.ts
FN:4,(anonymous_0)
FN:12,(anonymous_1)
FN:47,(anonymous_2)
FN:49,(anonymous_3)
FN:53,(anonymous_4)
FN:62,(anonymous_5)
FN:64,(anonymous_6)
FN:74,(anonymous_7)
FN:75,(anonymous_8)
FN:83,(anonymous_9)
FN:85,(anonymous_10)
FN:91,(anonymous_11)
FN:97,(anonymous_12)
FN:102,(anonymous_13)
FNF:14
FNH:14
FNDA:1,(anonymous_0)
FNDA:24,(anonymous_1)
FNDA:7,(anonymous_2)
FNDA:11,(anonymous_3)
FNDA:12,(anonymous_4)
FNDA:5,(anonymous_5)
FNDA:5,(anonymous_6)
FNDA:2,(anonymous_7)
FNDA:3,(anonymous_8)
FNDA:5,(anonymous_9)
FNDA:5,(anonymous_10)
FNDA:7,(anonymous_11)
FNDA:2,(anonymous_12)
FNDA:2,(anonymous_13)
DA:2,1
DA:4,1
DA:5,1
DA:6,1
DA:8,1
DA:12,1
DA:13,24
DA:35,1
DA:42,1
DA:48,7
DA:49,11
DA:54,12
DA:55,12
DA:56,9
DA:58,12
DA:63,5
DA:64,5
DA:66,5
DA:67,3
DA:68,3
DA:70,5
DA:75,2
DA:76,3
DA:78,2
DA:79,2
DA:84,5
DA:85,5
DA:87,5
DA:88,4
DA:90,5
DA:91,7
DA:93,5
DA:98,2
DA:103,2
DA:116,1
LF:35
LH:35
BRDA:6,0,0,1
BRDA:6,0,1,0
BRDA:55,1,0,9
BRDA:55,1,1,3
BRDA:66,2,0,3
BRDA:66,2,1,2
BRDA:66,3,0,5
BRDA:66,3,1,4
BRDA:87,4,0,4
BRDA:87,4,1,1
BRDA:87,5,0,5
BRDA:87,5,1,5
BRF:12
BRH:11
end_of_record
TN:
SF:src/client/features/preferences/preferencesSlice.ts
FN:24,(anonymous_0)
FN:53,(anonymous_1)
FN:58,(anonymous_2)
FN:63,(anonymous_3)
FN:68,(anonymous_4)
FN:79,(anonymous_5)
FN:90,(anonymous_6)
FN:95,(anonymous_7)
FNF:8
FNH:8
FNDA:1,(anonymous_0)
FNDA:2,(anonymous_1)
FNDA:6,(anonymous_2)
FNDA:9,(anonymous_3)
FNDA:10,(anonymous_4)
FNDA:7,(anonymous_5)
FNDA:2,(anonymous_6)
FNDA:2,(anonymous_7)
DA:24,1
DA:25,1
DA:26,0
DA:27,0
DA:30,1
DA:48,1
DA:54,2
DA:59,6
DA:64,9
DA:72,10
DA:83,7
DA:91,2
DA:96,2
DA:109,1
LF:14
LH:12
BRDA:25,0,0,1
BRDA:25,0,1,0
BRDA:27,1,0,0
BRDA:27,1,1,0
BRF:4
BRH:1
end_of_record
TN:
SF:src/client/features/trades/tradesSlice.ts
FN:19,(anonymous_0)
FN:30,(anonymous_1)
FN:51,(anonymous_2)
FN:67,(anonymous_3)
FN:69,(anonymous_4)
FN:73,(anonymous_5)
FN:77,(anonymous_6)
FN:84,(anonymous_7)
FN:88,(anonymous_8)
FN:92,(anonymous_9)
FN:99,(anonymous_10)
FN:102,(anonymous_11)
FNF:12
FNH:9
FNDA:0,(anonymous_0)
FNDA:0,(anonymous_1)
FNDA:0,(anonymous_2)
FNDA:1,(anonymous_3)
FNDA:3,(anonymous_4)
FNDA:4,(anonymous_5)
FNDA:3,(anonymous_6)
FNDA:2,(anonymous_7)
FNDA:8,(anonymous_8)
FNDA:3,(anonymous_9)
FNDA:6,(anonymous_10)
FNDA:6,(anonymous_11)
DA:11,1
DA:17,1
DA:20,0
DA:21,0
DA:23,0
DA:28,1
DA:40,0
DA:41,0
DA:42,0
DA:44,0
DA:49,1
DA:55,0
DA:56,0
DA:58,0
DA:63,1
DA:68,1
DA:70,3
DA:71,3
DA:74,4
DA:75,4
DA:78,3
DA:79,3
DA:85,2
DA:86,2
DA:89,8
DA:90,8
DA:93,3
DA:94,3
DA:100,6
DA:101,6
DA:102,6
DA:103,6
DA:104,6
LF:33
LH:23
BRDA:80,0,0,3
BRDA:80,0,1,1
BRDA:80,0,2,0
BRDA:95,1,0,3
BRDA:95,1,1,1
BRDA:95,1,2,0
BRDA:101,2,0,6
BRDA:101,2,1,0
BRDA:103,3,0,6
BRDA:103,3,1,0
BRDA:103,4,0,6
BRDA:103,4,1,6
BRF:12
BRH:8
end_of_record
TN:
SF:src/client/features/users/usersSlice.ts
FN:21,(anonymous_0)
FN:30,(anonymous_1)
FN:38,(anonymous_2)
FN:47,(anonymous_3)
FN:58,(anonymous_4)
FN:63,(anonymous_5)
FN:65,(anonymous_6)
FN:68,(anonymous_7)
FN:72,(anonymous_8)
FN:76,(anonymous_9)
FN:79,(anonymous_10)
FN:82,(anonymous_11)
FN:83,(anonymous_12)
FNF:13
FNH:10
FNDA:1,(anonymous_0)
FNDA:0,(anonymous_1)
FNDA:0,(anonymous_2)
FNDA:0,(anonymous_3)
FNDA:4,(anonymous_4)
FNDA:1,(anonymous_5)
FNDA:3,(anonymous_6)
FNDA:5,(anonymous_7)
FNDA:4,(anonymous_8)
FNDA:7,(anonymous_9)
FNDA:7,(anonymous_10)
FNDA:5,(anonymous_11)
FNDA:10,(anonymous_12)
DA:12,1
DA:19,1
DA:22,1
DA:23,1
DA:24,0
DA:28,1
DA:31,0
DA:36,1
DA:39,0
DA:40,0
DA:41,0
DA:45,1
DA:48,0
DA:49,0
DA:50,0
DA:54,1
DA:59,4
DA:60,4
DA:64,1
DA:66,3
DA:69,5
DA:70,5
DA:73,4
DA:74,4
DA:77,7
DA:80,7
DA:83,10
DA:88,1
LF:28
LH:20
BRDA:23,0,0,1
BRDA:23,0,1,0
BRDA:40,1,0,0
BRDA:40,1,1,0
BRDA:49,2,0,0
BRDA:49,2,1,0
BRDA:74,3,0,4
BRDA:74,3,1,2
BRF:8
BRH:3
end_of_record
TN:
SF:src/client/features/whislist/whislistSlice.ts
FN:18,(anonymous_0)
FN:23,(anonymous_1)
FN:32,(anonymous_2)
FN:43,(anonymous_3)
FN:45,(anonymous_4)
FN:48,(anonymous_5)
FN:52,(anonymous_6)
FN:56,(anonymous_7)
FN:57,(anonymous_8)
FN:61,(anonymous_9)
FN:62,(anonymous_10)
FNF:11
FNH:8
FNDA:0,(anonymous_0)
FNDA:0,(anonymous_1)
FNDA:0,(anonymous_2)
FNDA:1,(anonymous_3)
FNDA:4,(anonymous_4)
FNDA:3,(anonymous_5)
FNDA:2,(anonymous_6)
FNDA:16,(anonymous_7)
FNDA:10,(anonymous_8)
FNDA:9,(anonymous_9)
FNDA:21,(anonymous_10)
DA:11,1
DA:16,1
DA:18,0
DA:21,1
DA:24,0
DA:25,0
DA:26,0
DA:30,1
DA:33,0
DA:34,0
DA:35,0
DA:39,1
DA:44,1
DA:46,4
DA:49,3
DA:50,3
DA:53,2
DA:54,2
DA:57,16
DA:58,14
DA:62,21
LF:21
LH:14
BRDA:25,0,0,0
BRDA:25,0,1,0
BRDA:34,1,0,0
BRDA:34,1,1,0
BRDA:54,2,0,2
BRDA:54,2,1,1
BRDA:57,3,0,14
BRDA:57,3,1,2
BRF:8
BRH:4
end_of_record
TN:
SF:src/client/services/authService.ts
FN:37,(anonymous_0)
FN:57,(anonymous_1)
FN:77,(anonymous_2)
FN:94,(anonymous_3)
FN:109,(anonymous_4)
FN:122,(anonymous_5)
FN:138,(anonymous_6)
FN:162,(anonymous_7)
FN:184,(anonymous_8)
FN:199,(anonymous_9)
FN:207,(anonymous_10)
FN:214,(anonymous_11)
FN:221,(anonymous_12)
FN:229,(anonymous_13)
FN:239,(anonymous_14)
FNF:15
FNH:13
FNDA:3,(anonymous_0)
FNDA:3,(anonymous_1)
FNDA:3,(anonymous_2)
FNDA:0,(anonymous_3)
FNDA:3,(anonymous_4)
FNDA:0,(anonymous_5)
FNDA:2,(anonymous_6)
FNDA:2,(anonymous_7)
FNDA:10,(anonymous_8)
FNDA:2,(anonymous_9)
FNDA:7,(anonymous_10)
FNDA:18,(anonymous_11)
FNDA:12,(anonymous_12)
FNDA:4,(anonymous_13)
FNDA:2,(anonymous_14)
DA:33,1
DA:38,3
DA:46,3
DA:47,2
DA:48,2
DA:51,1
DA:58,3
DA:66,3
DA:67,2
DA:68,2
DA:71,1
DA:81,3
DA:93,3
DA:94,1
DA:95,1
DA:100,2
DA:101,2
DA:103,2
DA:113,3
DA:121,3
DA:122,1
DA:123,1
DA:126,2
DA:127,2
DA:128,2
DA:130,2
DA:132,2
DA:139,2
DA:150,2
DA:152,2
DA:153,1
DA:156,1
DA:157,1
DA:163,2
DA:171,2
DA:173,2
DA:174,1
DA:178,1
DA:185,10
DA:192,10
DA:193,10
DA:200,2
DA:201,2
DA:208,7
DA:215,18
DA:222,12
DA:223,12
DA:231,4
DA:232,4
DA:233,4
DA:240,2
DA:241,2
DA:242,2
LF:53
LH:53
BRDA:46,0,0,2
BRDA:46,0,1,1
BRDA:48,1,0,2
BRDA:48,1,1,1
BRDA:66,2,0,2
BRDA:66,2,1,1
BRDA:68,3,0,2
BRDA:68,3,1,1
BRDA:93,4,0,1
BRDA:93,4,1,2
BRDA:96,5,0,1
BRDA:96,5,1,0
BRDA:121,6,0,1
BRDA:121,6,1,2
BRDA:123,7,0,1
BRDA:123,7,1,0
BRDA:127,8,0,2
BRDA:127,8,1,0
BRDA:152,9,0,1
BRDA:152,9,1,1
BRDA:153,10,0,1
BRDA:153,10,1,0
BRDA:173,11,0,1
BRDA:173,11,1,1
BRDA:174,12,0,1
BRDA:174,12,1,0
BRDA:189,13,0,10
BRDA:189,13,1,7
BRDA:201,14,0,1
BRDA:201,14,1,1
BRDA:223,15,0,11
BRDA:223,15,1,1
BRDA:233,16,0,4
BRDA:233,16,1,2
BRF:34
BRH:29
end_of_record
TN:
SF:src/client/utils/cardHelpers.ts
FN:20,getTcgdexImageUrl
FN:56,getCardImage
FN:86,parseCardId
FNF:3
FNH:3
FNDA:15,getTcgdexImageUrl
FNDA:12,getCardImage
FNDA:10,parseCardId
DA:24,15
DA:26,11
DA:27,11
DA:29,9
DA:30,9
DA:33,9
DA:34,9
DA:35,15
DA:37,15
DA:62,12
DA:63,9
DA:66,6
DA:69,3
DA:90,10
DA:92,7
DA:93,7
DA:95,5
DA:96,5
DA:98,3
LF:19
LH:19
BRDA:22,0,0,15
BRDA:24,1,0,4
BRDA:24,1,1,11
BRDA:27,2,0,2
BRDA:27,2,1,9
BRDA:30,3,0,0
BRDA:30,3,1,9
BRDA:30,4,0,9
BRDA:30,4,1,9
BRDA:34,5,0,6
BRDA:34,5,1,3
BRDA:62,6,0,3
BRDA:62,6,1,9
BRDA:63,7,0,3
BRDA:63,7,1,6
BRDA:66,8,0,3
BRDA:66,8,1,3
BRDA:90,9,0,3
BRDA:90,9,1,7
BRDA:93,10,0,2
BRDA:93,10,1,5
BRDA:96,11,0,2
BRDA:96,11,1,3
BRDA:96,12,0,5
BRDA:96,12,1,4
BRF:25
BRH:24
end_of_record
TN:
SF:src/server/constants/pokemon.ts
FNF:0
FNH:0
DA:15,1
LF:1
LH:1
BRF:0
BRH:0
end_of_record
TN:
SF:src/server/db/mongoose.ts
FNF:0
FNH:0
DA:18,1
DA:19,1
DA:20,1
DA:22,0
LF:4
LH:3
BRF:0
BRH:0
end_of_record
TN:
SF:src/server/middleware/authMiddleware.ts
FN:20,(anonymous_0)
FN:75,(anonymous_1)
FN:111,(anonymous_2)
FNF:3
FNH:2
FNDA:284,(anonymous_0)
FNDA:63,(anonymous_1)
FNDA:0,(anonymous_2)
DA:20,1
DA:25,284
DA:27,284
DA:29,284
DA:30,18
DA:31,18
DA:35,266
DA:36,266
DA:37,0
DA:40,0
DA:43,266
DA:44,266
DA:47,284
DA:53,284
DA:54,284
DA:56,284
DA:58,4
DA:59,0
DA:60,4
DA:61,4
DA:63,0
DA:75,1
DA:80,63
DA:81,63
DA:82,63
DA:83,23
DA:85,40
DA:86,40
DA:87,0
DA:89,40
DA:90,40
DA:91,63
DA:92,63
DA:96,63
DA:97,63
DA:101,40
DA:103,0
DA:111,1
DA:112,0
DA:113,0
DA:115,0
DA:116,0
DA:119,0
DA:120,0
DA:126,0
DA:127,0
DA:129,0
DA:131,0
LF:48
LH:32
BRDA:29,0,0,18
BRDA:29,0,1,266
BRDA:36,1,0,0
BRDA:36,1,1,266
BRDA:36,2,0,266
BRDA:36,2,1,266
BRDA:44,3,0,266
BRDA:44,3,1,0
BRDA:58,4,0,0
BRDA:58,4,1,4
BRDA:60,5,0,4
BRDA:60,5,1,0
BRDA:65,6,0,0
BRDA:65,6,1,0
BRDA:82,7,0,23
BRDA:82,7,1,40
BRDA:86,8,0,0
BRDA:86,8,1,40
BRDA:86,9,0,40
BRDA:86,9,1,40
BRDA:90,10,0,40
BRDA:90,10,1,0
BRDA:115,11,0,0
BRDA:115,11,1,0
BRDA:119,12,0,0
BRDA:119,12,1,0
BRF:26
BRH:14
end_of_record
TN:
SF:src/server/models/Card.ts
FNF:0
FNH:0
DA:40,1
DA:96,1
DA:97,1
DA:98,1
DA:106,1
LF:5
LH:5
BRF:0
BRH:0
end_of_record
TN:
SF:src/server/models/Chat.ts
FNF:0
FNH:0
DA:22,1
DA:49,1
LF:2
LH:2
BRF:0
BRH:0
end_of_record
TN:
SF:src/server/models/EnergyCard.ts
FNF:0
FNH:0
DA:28,1
DA:42,1
LF:2
LH:2
BRF:0
BRH:0
end_of_record
TN:
SF:src/server/models/FriendTrade.ts
FNF:0
FNH:0
DA:13,1
DA:28,1
DA:68,1
LF:3
LH:3
BRF:0
BRH:0
end_of_record
TN:
SF:src/server/models/Notification.ts
FNF:0
FNH:0
DA:26,1
DA:64,1
LF:2
LH:2
BRF:0
BRH:0
end_of_record
TN:
SF:src/server/models/PackOpen.ts
FNF:0
FNH:0
DA:21,1
DA:37,1
DA:43,1
LF:3
LH:3
BRF:0
BRH:0
end_of_record
TN:
SF:src/server/models/PokemonCard.ts
FNF:0
FNH:0
DA:26,1
DA:43,1
DA:58,1
DA:84,1
DA:106,1
LF:5
LH:5
BRF:0
BRH:0
end_of_record
TN:
SF:src/server/models/Trade.ts
FN:171,(anonymous_0)
FNF:1
FNH:1
FNDA:103,(anonymous_0)
DA:22,1
DA:63,1
DA:162,1
DA:163,1
DA:164,1
DA:165,1
DA:171,1
DA:172,103
DA:174,103
DA:175,4
DA:178,103
DA:183,4
DA:184,4
DA:189,4
DA:192,4
DA:193,0
DA:201,103
DA:208,1
LF:18
LH:17
BRDA:174,0,0,4
BRDA:174,0,1,99
BRDA:174,1,0,103
BRDA:174,1,1,23
BRDA:178,2,0,4
BRDA:178,2,1,99
BRDA:179,3,0,103
BRDA:179,3,1,80
BRDA:179,3,2,4
BRDA:190,4,0,4
BRDA:190,4,1,0
BRDA:192,5,0,0
BRDA:192,5,1,4
BRF:13
BRH:11
end_of_record
TN:
SF:src/server/models/TradeRequest.ts
FNF:0
FNH:0
DA:3,1
DA:12,1
DA:58,1
DA:66,1
LF:4
LH:4
BRF:0
BRH:0
end_of_record
TN:
SF:src/server/models/TrainerCard.ts
FNF:0
FNH:0
DA:28,1
DA:42,1
LF:2
LH:2
BRF:0
BRH:0
end_of_record
TN:
SF:src/server/models/User.ts
FN:66,(anonymous_0)
FNF:1
FNH:1
FNDA:1150,(anonymous_0)
DA:14,1
DA:22,1
DA:53,1
DA:67,1150
DA:68,2
DA:123,1
LF:6
LH:6
BRDA:67,0,0,2
BRDA:67,0,1,1148
BRF:2
BRH:2
end_of_record
TN:
SF:src/server/models/UserCard.ts
FNF:0
FNH:0
DA:32,1
DA:94,1
DA:95,1
DA:96,1
DA:102,1
LF:5
LH:5
BRF:0
BRH:0
end_of_record
TN:
SF:src/server/routers/card.ts
FN:59,(anonymous_0)
FN:91,(anonymous_1)
FN:105,(anonymous_2)
FN:122,(anonymous_3)
FN:135,(anonymous_4)
FN:154,(anonymous_5)
FN:195,(anonymous_6)
FN:214,(anonymous_7)
FN:236,(anonymous_8)
FNF:9
FNH:9
FNDA:13,(anonymous_0)
FNDA:2,(anonymous_1)
FNDA:14,(anonymous_2)
FNDA:14,(anonymous_3)
FNDA:5,(anonymous_4)
FNDA:5,(anonymous_5)
FNDA:5,(anonymous_6)
FNDA:10,(anonymous_7)
FNDA:7,(anonymous_8)
DA:43,1
DA:59,1
DA:60,13
DA:61,13
DA:62,13
DA:64,13
DA:66,13
DA:67,13
DA:68,13
DA:69,13
DA:70,13
DA:72,13
DA:74,13
DA:79,13
DA:81,0
DA:91,1
DA:92,2
DA:94,2
DA:105,2
DA:106,14
DA:107,14
DA:108,0
DA:112,0
DA:113,0
DA:115,0
DA:117,14
DA:118,14
DA:122,14
DA:124,2
DA:126,0
DA:127,0
DA:135,1
DA:136,5
DA:137,5
DA:138,5
DA:140,4
DA:142,2
DA:144,1
DA:154,1
DA:155,5
DA:156,5
DA:158,5
DA:159,3
DA:163,1
DA:165,1
DA:166,0
DA:170,1
DA:172,0
DA:173,0
DA:177,0
DA:179,0
DA:180,0
DA:184,0
DA:186,2
DA:187,2
DA:195,1
DA:196,5
DA:197,5
DA:198,5
DA:200,5
DA:203,2
DA:205,0
DA:214,1
DA:215,10
DA:216,10
DA:218,10
DA:219,3
DA:222,7
DA:224,7
DA:226,7
DA:228,0
DA:236,1
DA:237,7
DA:238,7
DA:239,7
DA:240,2
DA:242,5
DA:243,5
DA:244,5
DA:246,5
DA:248,5
DA:252,0
DA:257,0
DA:258,7
DA:260,7
DA:263,7
DA:266,7
DA:267,7
DA:268,7
DA:269,7
DA:270,7
DA:272,7
DA:274,7
DA:276,5
DA:277,5
DA:278,5
LF:96
LH:78
BRDA:66,0,0,3
BRDA:66,0,1,10
BRDA:67,1,0,3
BRDA:67,1,1,10
BRDA:68,2,0,2
BRDA:68,2,1,11
BRDA:69,3,0,2
BRDA:69,3,1,11
BRDA:70,4,0,2
BRDA:70,4,1,11
BRDA:108,5,0,0
BRDA:108,5,1,0
BRDA:140,6,0,2
BRDA:140,6,1,2
BRDA:158,7,0,3
BRDA:158,7,1,2
BRDA:165,8,0,0
BRDA:165,8,1,1
BRDA:172,9,0,0
BRDA:172,9,1,0
BRDA:179,10,0,0
BRDA:179,10,1,0
BRDA:186,11,0,2
BRDA:186,11,1,0
BRDA:200,12,0,3
BRDA:200,12,1,2
BRDA:218,13,0,3
BRDA:218,13,1,7
BRDA:218,14,0,10
BRDA:218,14,1,7
BRDA:238,15,0,7
BRDA:238,16,0,7
BRDA:239,17,0,2
BRDA:239,17,1,5
BRDA:239,18,0,7
BRDA:239,18,1,5
BRDA:243,19,0,1
BRDA:243,19,1,4
BRDA:244,20,0,1
BRDA:244,20,1,4
BRDA:257,21,0,0
BRDA:257,21,1,0
BRDA:258,22,0,0
BRDA:258,22,1,0
BRDA:258,23,0,0
BRDA:258,23,1,0
BRDA:258,23,2,0
BRDA:263,24,0,7
BRDA:263,24,1,0
BRF:49
BRH:33
end_of_record
TN:
SF:src/server/routers/default.ts
FN:23,(anonymous_0)
FNF:1
FNH:1
FNDA:125,(anonymous_0)
DA:17,1
DA:23,1
DA:24,125
LF:3
LH:3
BRF:0
BRH:0
end_of_record
TN:
SF:src/server/routers/friend_trade.ts
FN:19,(anonymous_0)
FN:55,(anonymous_1)
FN:78,(anonymous_2)
FN:131,(anonymous_3)
FN:197,(anonymous_4)
FNF:5
FNH:5
FNDA:3,(anonymous_0)
FNDA:6,(anonymous_1)
FNDA:6,(anonymous_2)
FNDA:4,(anonymous_3)
FNDA:4,(anonymous_4)
DA:10,1
DA:16,1
DA:20,3
DA:21,3
DA:22,3
DA:23,0
DA:26,3
DA:32,3
DA:38,3
DA:40,0
DA:41,0
DA:52,1
DA:56,6
DA:57,6
DA:58,6
DA:60,6
DA:61,0
DA:64,6
DA:65,1
DA:68,5
DA:69,5
DA:70,0
DA:73,5
DA:74,5
DA:75,0
DA:77,5
DA:78,6
DA:80,5
DA:81,1
DA:86,4
DA:87,1
DA:91,3
DA:97,3
DA:98,1
DA:103,2
DA:111,2
DA:116,0
DA:117,0
DA:128,1
DA:132,4
DA:133,4
DA:134,4
DA:136,4
DA:137,4
DA:138,1
DA:141,3
DA:142,1
DA:147,2
DA:148,1
DA:152,1
DA:161,1
DA:163,1
DA:164,0
DA:169,1
DA:170,1
DA:171,1
DA:172,1
DA:173,1
DA:177,1
DA:183,0
DA:184,0
DA:194,1
DA:198,4
DA:199,4
DA:200,4
DA:202,4
DA:203,0
DA:206,4
DA:207,4
DA:208,1
DA:211,3
DA:212,1
DA:217,2
DA:218,1
DA:223,1
DA:224,1
DA:226,1
DA:228,0
DA:229,0
LF:79
LH:65
BRDA:22,0,0,0
BRDA:22,0,1,3
BRDA:43,1,0,0
BRDA:43,1,1,0
BRDA:60,2,0,0
BRDA:60,2,1,6
BRDA:64,3,0,1
BRDA:64,3,1,5
BRDA:64,4,0,6
BRDA:64,4,1,6
BRDA:69,5,0,0
BRDA:69,5,1,5
BRDA:74,6,0,0
BRDA:74,6,1,5
BRDA:80,7,0,1
BRDA:80,7,1,4
BRDA:86,8,0,1
BRDA:86,8,1,3
BRDA:97,9,0,1
BRDA:97,9,1,2
BRDA:118,10,0,0
BRDA:118,10,1,0
BRDA:137,11,0,1
BRDA:137,11,1,3
BRDA:141,12,0,1
BRDA:141,12,1,2
BRDA:147,13,0,1
BRDA:147,13,1,1
BRDA:163,14,0,0
BRDA:163,14,1,1
BRDA:186,15,0,0
BRDA:186,15,1,0
BRDA:202,16,0,0
BRDA:202,16,1,4
BRDA:207,17,0,1
BRDA:207,17,1,3
BRDA:211,18,0,1
BRDA:211,18,1,2
BRDA:217,19,0,1
BRDA:217,19,1,1
BRDA:231,20,0,0
BRDA:231,20,1,0
BRF:42
BRH:28
end_of_record
TN:
SF:src/server/routers/notification.ts
FN:19,(anonymous_0)
FN:49,(anonymous_1)
FN:71,(anonymous_2)
FN:94,(anonymous_3)
FNF:4
FNH:4
FNDA:3,(anonymous_0)
FNDA:3,(anonymous_1)
FNDA:2,(anonymous_2)
FNDA:3,(anonymous_3)
DA:11,1
DA:17,1
DA:20,3
DA:21,3
DA:23,3
DA:25,2
DA:30,2
DA:31,2
DA:33,2
DA:47,1
DA:50,3
DA:52,3
DA:54,2
DA:60,2
DA:61,1
DA:69,1
DA:72,2
DA:74,2
DA:76,1
DA:81,1
DA:92,1
DA:95,3
DA:97,3
DA:99,2
DA:101,2
DA:102,1
LF:26
LH:26
BRDA:21,0,0,3
BRDA:21,1,0,3
BRDA:23,2,0,1
BRDA:23,2,1,2
BRDA:52,3,0,1
BRDA:52,3,1,2
BRDA:60,4,0,1
BRDA:60,4,1,1
BRDA:74,5,0,1
BRDA:74,5,1,1
BRDA:97,6,0,1
BRDA:97,6,1,2
BRDA:101,7,0,1
BRDA:101,7,1,1
BRF:14
BRH:14
end_of_record
TN:
SF:src/server/routers/pokemon.ts
FN:29,(anonymous_0)
FN:42,(anonymous_1)
FN:56,(anonymous_2)
FN:68,(anonymous_3)
FN:84,(anonymous_4)
FN:97,(anonymous_5)
FN:113,(anonymous_6)
FN:126,(anonymous_7)
FN:138,(anonymous_8)
FN:153,(anonymous_9)
FNF:10
FNH:10
FNDA:2,(anonymous_0)
FNDA:5,(anonymous_1)
FNDA:1,(anonymous_2)
FNDA:2,(anonymous_3)
FNDA:2,(anonymous_4)
FNDA:3,(anonymous_5)
FNDA:2,(anonymous_6)
FNDA:2,(anonymous_7)
FNDA:3,(anonymous_8)
FNDA:20,(anonymous_9)
DA:21,1
DA:27,1
DA:30,2
DA:31,2
DA:32,2
DA:40,1
DA:43,5
DA:44,5
DA:45,4
DA:46,4
DA:54,1
DA:57,1
DA:58,1
DA:66,1
DA:69,2
DA:70,2
DA:71,1
DA:72,0
DA:74,1
DA:82,1
DA:85,2
DA:86,2
DA:87,2
DA:95,1
DA:98,3
DA:99,3
DA:100,1
DA:102,2
DA:103,2
DA:111,1
DA:114,2
DA:115,2
DA:116,2
DA:124,1
DA:127,2
DA:128,2
DA:136,1
DA:139,3
DA:140,3
DA:141,2
DA:142,2
DA:151,1
DA:154,20
DA:156,20
DA:157,20
DA:158,20
DA:159,20
DA:160,20
DA:162,20
DA:163,20
LF:50
LH:49
BRDA:45,0,0,0
BRDA:45,0,1,4
BRDA:71,1,0,0
BRDA:71,1,1,1
BRDA:71,2,0,1
BRDA:71,2,1,1
BRDA:71,2,2,0
BRDA:99,3,0,1
BRDA:99,3,1,2
BRDA:141,4,0,0
BRDA:141,4,1,2
BRDA:156,5,0,9
BRDA:156,5,1,11
BRDA:157,6,0,0
BRDA:157,6,1,20
BRDA:158,7,0,0
BRDA:158,7,1,20
BRDA:159,8,0,3
BRDA:159,8,1,17
BRDA:160,9,0,0
BRDA:160,9,1,20
BRF:21
BRH:14
end_of_record
TN:
SF:src/server/routers/preferences.ts
FN:19,(anonymous_0)
FN:42,(anonymous_1)
FNF:2
FNH:2
FNDA:4,(anonymous_0)
FNDA:6,(anonymous_1)
DA:11,1
DA:17,1
DA:20,4
DA:22,4
DA:24,3
DA:25,3
DA:27,2
DA:40,1
DA:43,6
DA:44,6
DA:46,6
DA:49,5
DA:50,1
DA:53,4
DA:55,4
DA:56,4
DA:58,4
DA:59,1
DA:60,1
DA:61,1
DA:62,1
DA:63,1
DA:64,0
DA:68,4
DA:69,0
DA:70,0
DA:71,0
DA:72,0
DA:75,4
DA:81,4
DA:83,3
LF:31
LH:26
BRDA:22,0,0,1
BRDA:22,0,1,3
BRDA:25,1,0,1
BRDA:25,1,1,2
BRDA:28,2,0,2
BRDA:28,2,1,0
BRDA:29,3,0,4
BRDA:29,3,1,2
BRDA:46,4,0,1
BRDA:46,4,1,5
BRDA:49,5,0,1
BRDA:49,5,1,4
BRDA:49,6,0,5
BRDA:49,6,1,3
BRDA:55,7,0,2
BRDA:55,7,1,2
BRDA:56,8,0,1
BRDA:56,8,1,3
BRDA:58,9,0,1
BRDA:58,9,1,3
BRDA:59,10,0,1
BRDA:59,10,1,0
BRDA:61,11,0,1
BRDA:61,11,1,0
BRDA:63,12,0,0
BRDA:63,12,1,1
BRDA:68,13,0,0
BRDA:68,13,1,4
BRDA:69,14,0,0
BRDA:69,14,1,0
BRDA:71,15,0,0
BRDA:71,15,1,0
BRDA:81,16,0,1
BRDA:81,16,1,3
BRF:34
BRH:25
end_of_record
TN:
SF:src/server/routers/trade.ts
FN:26,(anonymous_0)
FN:90,(anonymous_1)
FN:118,(anonymous_2)
FN:139,(anonymous_3)
FN:160,(anonymous_4)
FN:165,(anonymous_5)
FN:212,(anonymous_6)
FN:234,(anonymous_7)
FN:256,(anonymous_8)
FN:302,(anonymous_9)
FN:433,(anonymous_10)
FN:496,(anonymous_11)
FNF:12
FNH:9
FNDA:22,(anonymous_0)
FNDA:21,(anonymous_1)
FNDA:11,(anonymous_2)
FNDA:4,(anonymous_3)
FNDA:11,(anonymous_4)
FNDA:12,(anonymous_5)
FNDA:0,(anonymous_6)
FNDA:9,(anonymous_7)
FNDA:3,(anonymous_8)
FNDA:1,(anonymous_9)
FNDA:0,(anonymous_10)
FNDA:0,(anonymous_11)
DA:17,1
DA:23,1
DA:27,22
DA:37,22
DA:39,22
DA:40,22
DA:41,19
DA:44,3
DA:46,3
DA:47,3
DA:54,0
DA:56,0
DA:69,22
DA:71,0
DA:77,0
DA:78,0
DA:87,1
DA:91,21
DA:92,21
DA:94,21
DA:95,21
DA:96,21
DA:98,21
DA:104,20
DA:106,1
DA:115,1
DA:119,11
DA:120,11
DA:122,9
DA:123,6
DA:125,3
DA:127,2
DA:136,1
DA:140,4
DA:141,4
DA:143,4
DA:144,2
DA:146,2
DA:148,0
DA:157,1
DA:161,11
DA:162,11
DA:163,11
DA:165,12
DA:166,11
DA:167,2
DA:170,9
DA:179,6
DA:180,2
DA:183,4
DA:184,4
DA:185,1
DA:186,1
DA:196,0
DA:201,1
DA:202,0
DA:208,4
DA:209,1
DA:210,1
DA:211,1
DA:212,0
DA:215,0
DA:219,4
DA:221,3
DA:231,1
DA:235,9
DA:236,9
DA:237,8
DA:238,4
DA:240,4
DA:242,1
DA:253,1
DA:257,3
DA:258,3
DA:259,3
DA:264,3
DA:265,1
DA:270,2
DA:271,2
DA:272,0
DA:275,2
DA:276,2
DA:277,0
DA:281,2
DA:283,2
DA:285,2
DA:286,1
DA:290,1
DA:291,0
DA:296,1
DA:297,3
DA:299,3
DA:300,1
DA:302,1
DA:306,1
DA:308,1
DA:309,1
DA:313,0
DA:317,1
DA:318,0
DA:320,1
DA:321,0
DA:324,1
DA:325,0
DA:329,1
DA:330,0
DA:334,1
DA:335,1
DA:336,1
DA:337,1
DA:338,3
DA:339,1
DA:340,1
DA:348,0
DA:354,0
DA:359,0
DA:360,0
DA:362,0
DA:363,0
DA:365,0
DA:366,0
DA:370,0
DA:373,0
DA:378,0
DA:379,0
DA:385,0
DA:389,3
DA:393,3
DA:394,0
DA:395,0
DA:396,0
DA:397,0
DA:399,0
DA:400,0
DA:407,0
DA:408,0
DA:409,0
DA:412,0
DA:413,0
DA:414,0
DA:415,0
DA:417,0
DA:418,0
DA:430,0
DA:433,0
DA:444,0
DA:445,0
DA:452,0
DA:453,0
DA:454,0
DA:455,0
DA:457,0
DA:472,0
DA:473,0
DA:474,0
DA:475,0
DA:477,0
DA:480,0
DA:484,0
DA:489,0
DA:490,0
DA:491,0
DA:493,0
DA:494,0
DA:495,0
DA:496,0
DA:499,0
DA:501,0
DA:502,0
DA:512,0
DA:517,0
DA:518,0
DA:524,0
DA:529,0
DA:530,0
LF:175
LH:97
BRDA:32,0,0,22
BRDA:40,1,0,19
BRDA:40,1,1,3
BRDA:46,2,0,3
BRDA:46,2,1,0
BRDA:59,3,0,0
BRDA:59,3,1,0
BRDA:60,4,0,22
BRDA:60,4,1,0
BRDA:63,5,0,22
BRDA:63,5,1,0
BRDA:64,6,0,22
BRDA:64,6,1,0
BRDA:65,7,0,22
BRDA:65,7,1,0
BRDA:92,8,0,21
BRDA:92,9,0,21
BRDA:95,10,0,4
BRDA:95,10,1,17
BRDA:96,11,0,3
BRDA:96,11,1,18
BRDA:122,12,0,6
BRDA:122,12,1,3
BRDA:143,13,0,2
BRDA:143,13,1,2
BRDA:166,14,0,2
BRDA:166,14,1,9
BRDA:179,15,0,2
BRDA:179,15,1,4
BRDA:184,16,0,1
BRDA:184,16,1,3
BRDA:184,17,0,4
BRDA:184,17,1,3
BRDA:201,18,0,0
BRDA:201,18,1,1
BRDA:201,19,0,1
BRDA:201,19,1,0
BRDA:208,20,0,1
BRDA:208,20,1,3
BRDA:211,21,0,0
BRDA:211,21,1,1
BRDA:223,22,0,3
BRDA:223,22,1,0
BRDA:237,23,0,4
BRDA:237,23,1,4
BRDA:244,24,0,1
BRDA:244,24,1,0
BRDA:264,25,0,1
BRDA:264,25,1,2
BRDA:264,26,0,3
BRDA:264,26,1,2
BRDA:271,27,0,0
BRDA:271,27,1,2
BRDA:276,28,0,0
BRDA:276,28,1,2
BRDA:285,29,0,1
BRDA:285,29,1,1
BRDA:285,30,0,2
BRDA:285,30,1,1
BRDA:290,31,0,0
BRDA:290,31,1,1
BRDA:296,32,0,1
BRDA:296,32,1,0
BRDA:297,33,0,1
BRDA:297,33,1,0
BRDA:299,34,0,0
BRDA:299,34,1,3
BRDA:300,35,0,0
BRDA:300,35,1,1
BRDA:306,36,0,1
BRDA:306,36,1,0
BRDA:308,37,0,1
BRDA:308,37,1,0
BRDA:308,38,0,1
BRDA:308,38,1,1
BRDA:317,39,0,0
BRDA:317,39,1,1
BRDA:320,40,0,0
BRDA:320,40,1,1
BRDA:324,41,0,0
BRDA:324,41,1,1
BRDA:324,42,0,1
BRDA:324,42,1,1
BRDA:329,43,0,0
BRDA:329,43,1,1
BRDA:329,44,0,1
BRDA:329,44,1,0
BRDA:335,45,0,1
BRDA:335,45,1,0
BRDA:336,46,0,0
BRDA:336,46,1,1
BRDA:337,47,0,1
BRDA:337,47,1,1
BRDA:338,48,0,1
BRDA:338,48,1,2
BRDA:348,49,0,0
BRDA:348,49,1,0
BRDA:349,50,0,0
BRDA:349,50,1,0
BRDA:349,50,2,0
BRDA:349,50,3,0
BRDA:365,51,0,0
BRDA:365,51,1,0
BRDA:365,52,0,0
BRDA:365,52,1,0
BRDA:370,53,0,0
BRDA:370,53,1,0
BRDA:378,54,0,0
BRDA:378,54,1,0
BRDA:385,55,0,0
BRDA:385,55,1,0
BRDA:389,56,0,0
BRDA:389,56,1,0
BRDA:393,57,0,0
BRDA:393,57,1,3
BRDA:393,58,0,3
BRDA:393,58,1,0
BRDA:395,59,0,0
BRDA:395,59,1,0
BRDA:399,60,0,0
BRDA:399,60,1,0
BRDA:408,61,0,0
BRDA:408,61,1,0
BRDA:412,62,0,0
BRDA:412,62,1,0
BRDA:412,63,0,0
BRDA:412,63,1,0
BRDA:417,64,0,0
BRDA:417,64,1,0
BRDA:417,65,0,0
BRDA:417,65,1,0
BRDA:448,66,0,0
BRDA:448,66,1,0
BRDA:449,67,0,0
BRDA:449,67,1,0
BRDA:452,68,0,0
BRDA:452,68,1,0
BRDA:453,69,0,0
BRDA:453,69,1,0
BRDA:461,70,0,0
BRDA:461,70,1,0
BRDA:462,71,0,0
BRDA:462,71,1,0
BRDA:472,72,0,0
BRDA:472,72,1,0
BRDA:472,73,0,0
BRDA:472,73,1,0
BRDA:495,74,0,0
BRDA:495,74,1,0
BRDA:517,75,0,0
BRDA:517,75,1,0
BRDA:517,76,0,0
BRDA:517,76,1,0
BRDA:531,77,0,0
BRDA:531,77,1,0
BRF:155
BRH:69
end_of_record
TN:
SF:src/server/routers/trade_request.ts
FN:13,(anonymous_0)
FN:21,(anonymous_1)
FN:220,(anonymous_2)
FN:247,(anonymous_3)
FN:274,(anonymous_4)
FN:347,(anonymous_5)
FN:395,(anonymous_6)
FN:539,(anonymous_7)
FN:628,(anonymous_8)
FNF:9
FNH:7
FNDA:3,(anonymous_0)
FNDA:22,(anonymous_1)
FNDA:3,(anonymous_2)
FNDA:3,(anonymous_3)
FNDA:4,(anonymous_4)
FNDA:5,(anonymous_5)
FNDA:5,(anonymous_6)
FNDA:0,(anonymous_7)
FNDA:0,(anonymous_8)
DA:11,1
DA:13,1
DA:14,3
DA:15,3
DA:18,1
DA:22,22
DA:36,22
DA:38,22
DA:40,22
DA:41,2
DA:46,20
DA:47,2
DA:52,18
DA:53,18
DA:54,13
DA:56,5
DA:57,5
DA:58,0
DA:60,5
DA:61,1
DA:66,4
DA:67,22
DA:69,22
DA:77,22
DA:78,3
DA:80,1
DA:81,1
DA:83,1
DA:84,0
DA:88,4
DA:89,4
DA:90,1
DA:98,3
DA:106,22
DA:108,0
DA:109,0
DA:110,0
DA:114,0
DA:115,0
DA:120,0
DA:121,0
DA:123,0
DA:124,0
DA:132,0
DA:133,0
DA:145,3
DA:146,0
DA:149,3
DA:150,0
DA:151,0
DA:152,0
DA:155,0
DA:156,0
DA:162,3
DA:181,3
DA:198,3
DA:200,3
DA:209,3
DA:210,3
DA:217,1
DA:221,3
DA:222,3
DA:224,3
DA:225,1
DA:230,2
DA:235,2
DA:237,0
DA:244,1
DA:248,3
DA:249,3
DA:251,3
DA:252,1
DA:257,2
DA:262,2
DA:264,0
DA:271,1
DA:275,4
DA:276,4
DA:277,4
DA:279,4
DA:280,4
DA:281,0
DA:283,4
DA:284,2
DA:289,2
DA:290,1
DA:295,1
DA:307,1
DA:309,1
DA:310,1
DA:311,1
DA:312,1
DA:314,1
DA:316,1
DA:328,1
DA:330,1
DA:337,0
DA:344,1
DA:348,5
DA:349,5
DA:350,5
DA:352,5
DA:353,5
DA:354,0
DA:356,5
DA:357,3
DA:362,2
DA:363,1
DA:368,1
DA:369,1
DA:370,1
DA:372,1
DA:374,1
DA:381,1
DA:383,1
DA:385,0
DA:392,1
DA:396,5
DA:397,5
DA:398,5
DA:400,5
DA:401,5
DA:402,0
DA:404,5
DA:405,3
DA:410,2
DA:411,1
DA:416,1
DA:418,5
DA:419,1
DA:421,1
DA:433,1
DA:434,1
DA:435,1
DA:437,1
DA:439,1
DA:451,1
DA:453,1
DA:461,0
DA:462,0
DA:464,0
DA:465,0
DA:466,0
DA:467,0
DA:473,0
DA:474,0
DA:475,0
DA:476,0
DA:482,0
DA:483,0
DA:489,0
DA:490,0
DA:494,0
DA:495,0
DA:501,0
DA:503,5
DA:505,5
DA:506,0
DA:507,0
DA:508,0
DA:509,0
DA:510,0
DA:511,0
DA:523,0
DA:537,0
DA:539,0
DA:550,0
DA:552,0
DA:559,0
DA:560,0
DA:561,0
DA:562,0
DA:564,0
DA:579,0
DA:580,0
DA:581,0
DA:582,0
DA:584,0
DA:588,0
DA:589,0
DA:591,0
DA:592,0
DA:593,0
DA:595,0
DA:596,0
DA:597,0
DA:598,0
DA:600,0
DA:601,0
DA:609,0
DA:611,0
DA:617,0
DA:618,0
DA:625,1
DA:629,0
DA:630,0
DA:631,0
DA:633,0
DA:634,0
DA:635,0
DA:637,0
DA:638,0
DA:643,0
DA:644,0
DA:649,0
DA:650,0
DA:651,0
DA:653,0
DA:655,0
LF:209
LH:115
BRDA:15,0,0,0
BRDA:15,0,1,3
BRDA:26,1,0,22
BRDA:27,2,0,22
BRDA:28,3,0,22
BRDA:29,4,0,22
BRDA:32,5,0,22
BRDA:33,6,0,22
BRDA:34,7,0,22
BRDA:35,8,0,22
BRDA:40,9,0,2
BRDA:40,9,1,20
BRDA:46,10,0,2
BRDA:46,10,1,18
BRDA:46,11,0,20
BRDA:46,11,1,15
BRDA:53,12,0,13
BRDA:53,12,1,5
BRDA:57,13,0,0
BRDA:57,13,1,5
BRDA:60,14,0,1
BRDA:60,14,1,4
BRDA:67,15,0,22
BRDA:67,15,1,1
BRDA:77,16,0,3
BRDA:77,16,1,1
BRDA:83,17,0,0
BRDA:83,17,1,1
BRDA:89,18,0,1
BRDA:89,18,1,3
BRDA:92,19,0,1
BRDA:92,19,1,0
BRDA:98,20,0,0
BRDA:98,20,1,3
BRDA:100,21,0,0
BRDA:100,21,1,0
BRDA:101,22,0,0
BRDA:101,22,1,0
BRDA:102,23,0,0
BRDA:102,23,1,0
BRDA:106,24,0,0
BRDA:106,24,1,22
BRDA:106,25,0,22
BRDA:106,25,1,0
BRDA:109,26,0,0
BRDA:109,26,1,0
BRDA:114,27,0,0
BRDA:114,27,1,0
BRDA:120,28,0,0
BRDA:120,28,1,0
BRDA:121,29,0,0
BRDA:121,29,1,0
BRDA:123,30,0,0
BRDA:123,30,1,0
BRDA:125,31,0,0
BRDA:125,31,1,0
BRDA:125,31,2,0
BRDA:125,31,3,0
BRDA:125,31,4,0
BRDA:132,32,0,0
BRDA:132,32,1,0
BRDA:134,33,0,0
BRDA:134,33,1,0
BRDA:134,33,2,0
BRDA:134,33,3,0
BRDA:134,33,4,0
BRDA:134,33,5,0
BRDA:134,33,6,0
BRDA:145,34,0,0
BRDA:145,34,1,3
BRDA:145,35,0,3
BRDA:145,35,1,0
BRDA:145,35,2,0
BRDA:149,36,0,0
BRDA:149,36,1,3
BRDA:149,37,0,3
BRDA:149,37,1,0
BRDA:151,38,0,0
BRDA:151,38,1,0
BRDA:155,39,0,0
BRDA:155,39,1,0
BRDA:165,40,0,2
BRDA:165,40,1,1
BRDA:166,41,0,2
BRDA:166,41,1,1
BRDA:167,42,0,2
BRDA:167,42,1,2
BRDA:169,43,0,2
BRDA:169,43,1,1
BRDA:174,44,0,0
BRDA:174,44,1,3
BRDA:175,45,0,0
BRDA:175,45,1,3
BRDA:176,46,0,0
BRDA:176,46,1,3
BRDA:177,47,0,0
BRDA:177,47,1,3
BRDA:178,48,0,0
BRDA:178,48,1,3
BRDA:183,49,0,2
BRDA:183,49,1,1
BRDA:185,50,0,0
BRDA:185,50,1,1
BRDA:188,51,0,2
BRDA:188,51,1,1
BRDA:190,52,0,0
BRDA:190,52,1,1
BRDA:192,53,0,0
BRDA:192,53,1,0
BRDA:193,54,0,0
BRDA:193,54,1,0
BRDA:194,55,0,1
BRDA:194,55,1,0
BRDA:201,56,0,0
BRDA:201,56,1,0
BRDA:203,57,0,0
BRDA:203,57,1,0
BRDA:212,58,0,3
BRDA:212,58,1,0
BRDA:224,59,0,1
BRDA:224,59,1,2
BRDA:224,60,0,3
BRDA:224,60,1,3
BRDA:239,61,0,0
BRDA:239,61,1,0
BRDA:251,62,0,1
BRDA:251,62,1,2
BRDA:251,63,0,3
BRDA:251,63,1,3
BRDA:266,64,0,0
BRDA:266,64,1,0
BRDA:280,65,0,0
BRDA:280,65,1,4
BRDA:283,66,0,2
BRDA:283,66,1,2
BRDA:289,67,0,1
BRDA:289,67,1,1
BRDA:319,68,0,1
BRDA:319,68,1,0
BRDA:339,69,0,0
BRDA:339,69,1,0
BRDA:353,70,0,0
BRDA:353,70,1,5
BRDA:356,71,0,3
BRDA:356,71,1,2
BRDA:362,72,0,1
BRDA:362,72,1,1
BRDA:377,73,0,1
BRDA:377,73,1,0
BRDA:387,74,0,0
BRDA:387,74,1,0
BRDA:401,75,0,0
BRDA:401,75,1,5
BRDA:404,76,0,3
BRDA:404,76,1,2
BRDA:410,77,0,1
BRDA:410,77,1,1
BRDA:418,78,0,1
BRDA:418,78,1,4
BRDA:442,79,0,1
BRDA:442,79,1,0
BRDA:442,80,0,1
BRDA:442,80,1,1
BRDA:464,81,0,0
BRDA:464,81,1,0
BRDA:466,82,0,0
BRDA:466,82,1,0
BRDA:473,83,0,0
BRDA:473,83,1,0
BRDA:475,84,0,0
BRDA:475,84,1,0
BRDA:482,85,0,0
BRDA:482,85,1,0
BRDA:482,86,0,0
BRDA:482,86,1,0
BRDA:489,87,0,0
BRDA:489,87,1,0
BRDA:494,88,0,0
BRDA:494,88,1,0
BRDA:501,89,0,0
BRDA:501,89,1,0
BRDA:503,90,0,0
BRDA:503,90,1,0
BRDA:505,91,0,0
BRDA:505,91,1,5
BRDA:505,92,0,5
BRDA:505,92,1,0
BRDA:507,93,0,0
BRDA:507,93,1,0
BRDA:510,94,0,0
BRDA:510,94,1,0
BRDA:555,95,0,0
BRDA:555,95,1,0
BRDA:556,96,0,0
BRDA:556,96,1,0
BRDA:559,97,0,0
BRDA:559,97,1,0
BRDA:560,98,0,0
BRDA:560,98,1,0
BRDA:568,99,0,0
BRDA:568,99,1,0
BRDA:569,100,0,0
BRDA:569,100,1,0
BRDA:579,101,0,0
BRDA:579,101,1,0
BRDA:579,102,0,0
BRDA:579,102,1,0
BRDA:604,103,0,0
BRDA:604,103,1,0
BRDA:620,104,0,0
BRDA:620,104,1,0
BRDA:634,105,0,0
BRDA:634,105,1,0
BRDA:637,106,0,0
BRDA:637,106,1,0
BRDA:643,107,0,0
BRDA:643,107,1,0
BRDA:657,108,0,0
BRDA:657,108,1,0
BRF:219
BRH:88
end_of_record
TN:
SF:src/server/routers/usercard.ts
FN:15,(anonymous_0)
FN:29,(anonymous_1)
FN:77,(anonymous_2)
FN:106,(anonymous_3)
FN:155,(anonymous_4)
FN:187,(anonymous_5)
FN:229,(anonymous_6)
FN:261,(anonymous_7)
FNF:8
FNH:7
FNDA:5,(anonymous_0)
FNDA:0,(anonymous_1)
FNDA:30,(anonymous_2)
FNDA:5,(anonymous_3)
FNDA:21,(anonymous_4)
FNDA:17,(anonymous_5)
FNDA:8,(anonymous_6)
FNDA:6,(anonymous_7)
DA:13,1
DA:15,1
DA:16,5
DA:17,5
DA:18,5
DA:19,5
DA:20,4
DA:21,0
DA:23,5
DA:24,0
DA:28,0
DA:29,0
DA:32,0
DA:33,0
DA:37,0
DA:39,0
DA:41,0
DA:43,0
DA:44,0
DA:45,0
DA:48,0
DA:60,0
DA:63,0
DA:68,4
DA:69,4
DA:77,1
DA:78,30
DA:79,30
DA:80,30
DA:81,2
DA:87,28
DA:88,28
DA:90,26
DA:96,26
DA:97,18
DA:99,8
DA:106,1
DA:107,5
DA:108,5
DA:110,5
DA:112,5
DA:116,5
DA:117,0
DA:118,0
DA:119,0
DA:123,5
DA:125,5
DA:138,5
DA:146,0
DA:147,0
DA:155,1
DA:156,21
DA:157,21
DA:158,21
DA:160,21
DA:166,21
DA:167,3
DA:171,18
DA:179,0
DA:187,1
DA:188,17
DA:189,17
DA:190,17
DA:192,17
DA:193,2
DA:200,15
DA:206,15
DA:207,1
DA:211,14
DA:219,0
DA:227,1
DA:230,8
DA:231,8
DA:232,8
DA:233,8
DA:234,1
DA:237,7
DA:243,7
DA:244,2
DA:246,5
DA:248,0
DA:259,1
DA:262,6
DA:263,6
DA:264,6
DA:265,6
DA:266,1
DA:269,5
DA:274,5
DA:275,1
DA:277,4
DA:279,0
LF:92
LH:68
BRDA:17,0,0,5
BRDA:17,1,0,5
BRDA:17,2,0,5
BRDA:19,3,0,1
BRDA:19,3,1,4
BRDA:21,4,0,0
BRDA:21,4,1,0
BRDA:23,5,0,0
BRDA:23,5,1,5
BRDA:29,6,0,0
BRDA:29,6,1,0
BRDA:29,6,2,0
BRDA:32,7,0,0
BRDA:32,7,1,0
BRDA:43,8,0,0
BRDA:43,8,1,0
BRDA:80,9,0,2
BRDA:80,9,1,28
BRDA:88,10,0,2
BRDA:88,10,1,26
BRDA:108,11,0,5
BRDA:108,12,0,5
BRDA:116,13,0,0
BRDA:116,13,1,5
BRDA:118,14,0,0
BRDA:118,14,1,0
BRDA:166,15,0,3
BRDA:166,15,1,18
BRDA:176,16,0,18
BRDA:176,16,1,0
BRDA:192,17,0,2
BRDA:192,17,1,15
BRDA:206,18,0,1
BRDA:206,18,1,14
BRDA:233,19,0,1
BRDA:233,19,1,7
BRDA:243,20,0,2
BRDA:243,20,1,5
BRDA:250,21,0,0
BRDA:250,21,1,0
BRDA:265,22,0,1
BRDA:265,22,1,5
BRDA:274,23,0,1
BRDA:274,23,1,4
BRDA:281,24,0,0
BRDA:281,24,1,0
BRF:46
BRH:28
end_of_record
TN:
SF:src/server/routers/users.ts
FN:60,(anonymous_0)
FN:119,(anonymous_1)
FN:169,(anonymous_2)
FN:197,(anonymous_3)
FN:240,(anonymous_4)
FN:278,(anonymous_5)
FN:326,(anonymous_6)
FN:356,(anonymous_7)
FN:405,(anonymous_8)
FN:525,(anonymous_9)
FN:642,(anonymous_10)
FN:680,(anonymous_11)
FN:715,(anonymous_12)
FN:734,(anonymous_13)
FN:743,(anonymous_14)
FN:759,(anonymous_15)
FN:787,(anonymous_16)
FN:817,(anonymous_17)
FN:843,(anonymous_18)
FN:875,(anonymous_19)
FN:891,(anonymous_20)
FN:914,(anonymous_21)
FN:972,(anonymous_22)
FN:1007,(anonymous_23)
FN:1036,(anonymous_24)
FN:1067,(anonymous_25)
FN:1094,(anonymous_26)
FN:1104,(anonymous_27)
FN:1125,(anonymous_28)
FN:1146,(anonymous_29)
FN:1191,(anonymous_30)
FNF:31
FNH:29
FNDA:29,(anonymous_0)
FNDA:33,(anonymous_1)
FNDA:45,(anonymous_2)
FNDA:8,(anonymous_3)
FNDA:6,(anonymous_4)
FNDA:21,(anonymous_5)
FNDA:5,(anonymous_6)
FNDA:18,(anonymous_7)
FNDA:10,(anonymous_8)
FNDA:7,(anonymous_9)
FNDA:4,(anonymous_10)
FNDA:7,(anonymous_11)
FNDA:7,(anonymous_12)
FNDA:7,(anonymous_13)
FNDA:5,(anonymous_14)
FNDA:5,(anonymous_15)
FNDA:0,(anonymous_16)
FNDA:0,(anonymous_17)
FNDA:3,(anonymous_18)
FNDA:3,(anonymous_19)
FNDA:1,(anonymous_20)
FNDA:6,(anonymous_21)
FNDA:3,(anonymous_22)
FNDA:2,(anonymous_23)
FNDA:3,(anonymous_24)
FNDA:3,(anonymous_25)
FNDA:3,(anonymous_26)
FNDA:1,(anonymous_27)
FNDA:13,(anonymous_28)
FNDA:3,(anonymous_29)
FNDA:3,(anonymous_30)
DA:52,1
DA:54,1
DA:60,1
DA:61,29
DA:62,29
DA:65,29
DA:71,29
DA:72,8
DA:75,21
DA:76,4
DA:82,17
DA:83,17
DA:84,3
DA:88,14
DA:91,14
DA:99,14
DA:101,9
DA:110,5
DA:119,1
DA:120,33
DA:121,33
DA:123,33
DA:124,16
DA:127,17
DA:129,17
DA:130,4
DA:133,13
DA:135,13
DA:136,12
DA:139,1
DA:140,33
DA:147,33
DA:158,0
DA:166,1
DA:170,45
DA:171,45
DA:173,45
DA:174,45
DA:175,11
DA:178,34
DA:185,0
DA:194,1
DA:198,8
DA:199,8
DA:200,8
DA:202,8
DA:203,2
DA:206,6
DA:207,3
DA:210,3
DA:216,3
DA:218,3
DA:228,0
DA:237,1
DA:241,6
DA:242,6
DA:244,6
DA:245,3
DA:248,3
DA:254,3
DA:256,3
DA:266,0
DA:275,1
DA:279,21
DA:280,21
DA:281,21
DA:283,21
DA:284,21
DA:287,19
DA:293,19
DA:294,1
DA:297,18
DA:298,18
DA:300,18
DA:301,18
DA:303,18
DA:314,0
DA:323,1
DA:327,5
DA:328,5
DA:330,5
DA:331,3
DA:334,2
DA:336,2
DA:337,0
DA:340,2
DA:342,0
DA:353,1
DA:357,18
DA:358,18
DA:363,18
DA:365,18
DA:366,18
DA:368,15
DA:370,15
DA:373,15
DA:374,15
DA:375,9
DA:378,15
DA:379,15
DA:385,15
DA:392,0
DA:402,1
DA:406,10
DA:407,10
DA:409,10
DA:410,10
DA:413,10
DA:414,2
DA:427,8
DA:429,8
DA:432,8
DA:434,1
DA:436,1
DA:437,0
DA:438,1
DA:440,1
DA:441,0
DA:442,1
DA:443,0
DA:447,7
DA:448,7
DA:454,5
DA:461,5
DA:462,5
DA:464,2
DA:485,2
DA:491,3
DA:505,10
DA:506,3
DA:510,1
DA:522,1
DA:526,7
DA:527,7
DA:528,7
DA:530,7
DA:531,7
DA:532,7
DA:533,1
DA:536,6
DA:537,6
DA:538,2
DA:545,4
DA:548,7
DA:551,4
DA:552,7
DA:553,4
DA:554,1
DA:557,3
DA:560,3
DA:563,3
DA:566,3
DA:567,3
DA:568,6
DA:569,6
DA:571,6
DA:573,6
DA:574,6
DA:576,6
DA:577,6
DA:580,0
DA:581,0
DA:584,6
DA:588,0
DA:590,0
DA:603,0
DA:607,0
DA:609,6
DA:610,6
DA:611,0
DA:612,0
DA:613,0
DA:614,0
DA:615,0
DA:618,0
DA:626,3
DA:630,0
DA:639,1
DA:643,4
DA:644,4
DA:646,4
DA:647,4
DA:648,4
DA:649,2
DA:653,2
DA:657,4
DA:660,4
DA:661,0
DA:665,2
DA:666,2
DA:668,0
DA:677,1
DA:681,7
DA:682,7
DA:683,7
DA:685,7
DA:686,7
DA:687,7
DA:688,1
DA:690,6
DA:691,7
DA:692,3
DA:694,3
DA:696,3
DA:697,3
DA:698,3
DA:699,3
DA:703,0
DA:712,1
DA:716,7
DA:717,7
DA:719,7
DA:720,7
DA:721,7
DA:722,2
DA:724,5
DA:733,5
DA:734,7
DA:735,5
DA:737,3
DA:741,3
DA:743,5
DA:744,3
DA:745,3
DA:747,0
DA:756,1
DA:760,5
DA:761,5
DA:763,5
DA:764,5
DA:765,5
DA:766,2
DA:768,3
DA:772,3
DA:773,2
DA:775,0
DA:784,1
DA:788,0
DA:789,0
DA:791,0
DA:792,0
DA:797,0
DA:799,0
DA:800,0
DA:803,0
DA:805,0
DA:814,1
DA:818,0
DA:819,0
DA:820,0
DA:822,0
DA:829,0
DA:831,0
DA:840,1
DA:844,3
DA:845,3
DA:847,3
DA:848,1
DA:853,2
DA:858,2
DA:859,1
DA:861,1
DA:863,0
DA:872,1
DA:876,3
DA:877,3
DA:878,3
DA:879,1
DA:884,2
DA:889,2
DA:891,1
DA:900,1
DA:902,0
DA:911,1
DA:915,6
DA:916,6
DA:917,6
DA:919,6
DA:920,6
DA:922,6
DA:923,6
DA:925,5
DA:926,1
DA:933,4
DA:934,4
DA:935,4
DA:946,4
DA:948,4
DA:949,0
DA:952,0
DA:958,6
DA:960,4
DA:969,1
DA:973,3
DA:974,3
DA:975,3
DA:977,3
DA:978,3
DA:980,3
DA:981,3
DA:983,2
DA:985,2
DA:988,2
DA:993,2
DA:995,2
DA:1004,1
DA:1008,2
DA:1009,2
DA:1010,2
DA:1012,2
DA:1013,0
DA:1016,2
DA:1022,2
DA:1024,0
DA:1033,1
DA:1037,3
DA:1038,3
DA:1039,3
DA:1041,3
DA:1042,3
DA:1044,3
DA:1045,3
DA:1047,2
DA:1048,2
DA:1050,2
DA:1051,2
DA:1053,2
DA:1055,0
DA:1064,1
DA:1068,3
DA:1069,3
DA:1072,3
DA:1076,3
DA:1080,2
DA:1082,1
DA:1091,1
DA:1095,3
DA:1096,3
DA:1097,3
DA:1099,3
DA:1101,3
DA:1103,2
DA:1104,1
DA:1107,2
DA:1109,2
DA:1113,0
DA:1122,1
DA:1126,13
DA:1127,13
DA:1128,13
DA:1130,13
DA:1131,13
DA:1133,12
DA:1135,12
DA:1137,11
DA:1138,1
DA:1141,10
DA:1142,0
DA:1145,10
DA:1146,3
DA:1149,10
DA:1150,3
DA:1153,7
DA:1154,7
DA:1156,7
DA:1164,7
DA:1177,13
DA:1179,7
DA:1188,1
DA:1192,3
DA:1193,3
DA:1194,3
DA:1195,0
DA:1198,3
DA:1203,3
DA:1204,1
DA:1207,2
DA:1211,0
DA:1212,0
LF:379
LH:323
BRDA:71,0,0,8
BRDA:71,0,1,21
BRDA:75,1,0,4
BRDA:75,1,1,17
BRDA:82,2,0,17
BRDA:82,2,1,0
BRDA:83,3,0,3
BRDA:83,3,1,14
BRDA:110,4,0,5
BRDA:110,4,1,0
BRDA:123,5,0,16
BRDA:123,5,1,17
BRDA:123,6,0,33
BRDA:123,6,1,21
BRDA:129,7,0,4
BRDA:129,7,1,13
BRDA:135,8,0,12
BRDA:135,8,1,1
BRDA:139,9,0,1
BRDA:139,9,1,1
BRDA:153,10,0,33
BRDA:153,10,1,1
BRDA:158,11,0,0
BRDA:158,11,1,0
BRDA:174,12,0,11
BRDA:174,12,1,34
BRDA:182,13,0,34
BRDA:182,13,1,15
BRDA:202,14,0,2
BRDA:202,14,1,6
BRDA:206,15,0,3
BRDA:206,15,1,3
BRDA:206,16,0,6
BRDA:206,16,1,0
BRDA:216,17,0,0
BRDA:216,17,1,3
BRDA:244,18,0,3
BRDA:244,18,1,3
BRDA:244,19,0,6
BRDA:244,19,1,0
BRDA:254,20,0,0
BRDA:254,20,1,3
BRDA:284,21,0,2
BRDA:284,21,1,19
BRDA:293,22,0,1
BRDA:293,22,1,18
BRDA:294,23,0,1
BRDA:294,23,1,0
BRDA:297,24,0,2
BRDA:297,24,1,16
BRDA:298,25,0,2
BRDA:298,25,1,16
BRDA:330,26,0,3
BRDA:330,26,1,2
BRDA:330,27,0,5
BRDA:330,27,1,0
BRDA:336,28,0,0
BRDA:336,28,1,2
BRDA:360,29,0,18
BRDA:361,30,0,18
BRDA:362,31,0,18
BRDA:366,32,0,3
BRDA:366,32,1,15
BRDA:374,33,0,9
BRDA:374,33,1,6
BRDA:374,34,0,15
BRDA:374,34,1,7
BRDA:392,35,0,0
BRDA:392,35,1,0
BRDA:410,36,0,0
BRDA:410,36,1,10
BRDA:413,37,0,2
BRDA:413,37,1,8
BRDA:419,38,0,8
BRDA:420,39,0,8
BRDA:421,40,0,8
BRDA:422,41,0,8
BRDA:423,42,0,8
BRDA:424,43,0,8
BRDA:425,44,0,8
BRDA:426,45,0,8
BRDA:432,46,0,1
BRDA:432,46,1,7
BRDA:432,47,0,8
BRDA:432,47,1,3
BRDA:436,48,0,0
BRDA:436,48,1,1
BRDA:438,49,0,1
BRDA:438,49,1,0
BRDA:438,50,0,1
BRDA:438,50,1,1
BRDA:441,51,0,0
BRDA:441,51,1,0
BRDA:447,52,0,2
BRDA:447,52,1,5
BRDA:462,53,0,2
BRDA:462,53,1,3
BRDA:467,54,0,2
BRDA:467,54,1,0
BRDA:471,55,0,2
BRDA:471,55,1,0
BRDA:473,56,0,2
BRDA:473,56,1,0
BRDA:477,57,0,2
BRDA:477,57,1,0
BRDA:479,58,0,0
BRDA:479,58,1,2
BRDA:494,59,0,3
BRDA:494,59,1,0
BRDA:512,60,0,1
BRDA:512,60,1,0
BRDA:531,61,0,0
BRDA:531,61,1,7
BRDA:532,62,0,1
BRDA:532,62,1,6
BRDA:537,63,0,2
BRDA:537,63,1,4
BRDA:545,64,0,4
BRDA:545,64,1,0
BRDA:551,65,0,4
BRDA:551,65,1,1
BRDA:552,66,0,1
BRDA:552,66,1,6
BRDA:552,67,0,7
BRDA:552,67,1,4
BRDA:552,68,0,1
BRDA:552,68,1,1
BRDA:553,69,0,1
BRDA:553,69,1,3
BRDA:553,70,0,4
BRDA:553,70,1,4
BRDA:568,71,0,6
BRDA:568,71,1,0
BRDA:568,71,2,0
BRDA:569,72,0,0
BRDA:569,72,1,6
BRDA:574,73,0,6
BRDA:574,73,1,0
BRDA:588,74,0,0
BRDA:588,74,1,0
BRDA:607,75,0,0
BRDA:607,75,1,0
BRDA:607,75,2,0
BRDA:607,75,3,0
BRDA:607,75,4,0
BRDA:610,76,0,0
BRDA:610,76,1,6
BRDA:610,77,0,6
BRDA:610,77,1,0
BRDA:610,77,2,0
BRDA:611,78,0,0
BRDA:611,78,1,0
BRDA:612,79,0,0
BRDA:612,79,1,0
BRDA:613,80,0,0
BRDA:613,80,1,0
BRDA:613,81,0,0
BRDA:613,81,1,0
BRDA:614,82,0,0
BRDA:614,82,1,0
BRDA:614,83,0,0
BRDA:614,83,1,0
BRDA:621,84,0,0
BRDA:621,84,1,0
BRDA:621,84,2,0
BRDA:630,85,0,0
BRDA:630,85,1,0
BRDA:647,86,0,0
BRDA:647,86,1,4
BRDA:648,87,0,2
BRDA:648,87,1,2
BRDA:653,88,0,2
BRDA:653,88,1,2
BRDA:660,89,0,0
BRDA:660,89,1,4
BRDA:668,90,0,0
BRDA:668,90,1,0
BRDA:683,91,0,7
BRDA:683,91,1,0
BRDA:686,92,0,0
BRDA:686,92,1,7
BRDA:687,93,0,1
BRDA:687,93,1,6
BRDA:690,94,0,6
BRDA:690,94,1,6
BRDA:691,95,0,3
BRDA:691,95,1,4
BRDA:691,96,0,7
BRDA:691,96,1,6
BRDA:703,97,0,0
BRDA:703,97,1,0
BRDA:720,98,0,0
BRDA:720,98,1,7
BRDA:721,99,0,2
BRDA:721,99,1,5
BRDA:735,100,0,2
BRDA:735,100,1,3
BRDA:741,101,0,0
BRDA:741,101,1,3
BRDA:747,102,0,0
BRDA:747,102,1,0
BRDA:764,103,0,0
BRDA:764,103,1,5
BRDA:765,104,0,2
BRDA:765,104,1,3
BRDA:772,105,0,1
BRDA:772,105,1,2
BRDA:775,106,0,0
BRDA:775,106,1,0
BRDA:791,107,0,0
BRDA:791,107,1,0
BRDA:799,108,0,0
BRDA:799,108,1,0
BRDA:847,109,0,1
BRDA:847,109,1,2
BRDA:858,110,0,1
BRDA:858,110,1,1
BRDA:878,111,0,1
BRDA:878,111,1,2
BRDA:889,112,0,1
BRDA:889,112,1,1
BRDA:896,113,0,1
BRDA:896,113,1,1
BRDA:920,114,0,0
BRDA:920,114,1,6
BRDA:923,115,0,1
BRDA:923,115,1,5
BRDA:925,116,0,1
BRDA:925,116,1,4
BRDA:955,117,0,0
BRDA:955,117,1,0
BRDA:978,118,0,0
BRDA:978,118,1,3
BRDA:981,119,0,1
BRDA:981,119,1,2
BRDA:1012,120,0,0
BRDA:1012,120,1,2
BRDA:1042,121,0,0
BRDA:1042,121,1,3
BRDA:1045,122,0,1
BRDA:1045,122,1,2
BRDA:1072,123,0,2
BRDA:1072,123,1,1
BRDA:1101,124,0,1
BRDA:1101,124,1,2
BRDA:1131,125,0,1
BRDA:1131,125,1,12
BRDA:1135,126,0,1
BRDA:1135,126,1,11
BRDA:1137,127,0,1
BRDA:1137,127,1,10
BRDA:1141,128,0,0
BRDA:1141,128,1,10
BRDA:1149,129,0,3
BRDA:1149,129,1,7
BRDA:1172,130,0,7
BRDA:1172,130,1,7
BRDA:1194,131,0,0
BRDA:1194,131,1,3
BRDA:1203,132,0,1
BRDA:1203,132,1,2
BRDA:1208,133,0,2
BRDA:1208,133,1,0
BRDA:1212,134,0,0
BRDA:1212,134,1,0
BRF:265
BRH:177
end_of_record
TN:
SF:src/server/services/cardDataBuilder.ts
FN:48,buildBaseCardData
FN:77,buildPokemonCardData
FN:99,buildTrainerCardData
FN:116,buildEnergyCardData
FN:133,buildGenericCardData
FNF:5
FNH:5
FNDA:67,buildBaseCardData
FNDA:23,buildPokemonCardData
FNDA:13,buildTrainerCardData
FNDA:11,buildEnergyCardData
FNDA:20,buildGenericCardData
DA:49,67
DA:51,67
DA:78,23
DA:79,23
DA:81,23
DA:100,13
DA:101,13
DA:103,13
DA:117,11
DA:118,11
DA:120,11
DA:134,20
DA:135,20
DA:137,20
LF:14
LH:14
BRDA:52,0,0,67
BRDA:52,0,1,1
BRDA:53,1,0,67
BRDA:53,1,1,1
BRDA:54,2,0,67
BRDA:54,2,1,3
BRDA:55,3,0,67
BRDA:55,3,1,10
BRDA:56,4,0,67
BRDA:56,4,1,17
BRDA:57,5,0,67
BRDA:57,5,1,3
BRDA:58,6,0,67
BRDA:58,6,1,3
BRDA:63,7,0,67
BRDA:63,7,1,3
BRDA:63,7,2,3
BRDA:67,8,0,67
BRDA:67,8,1,24
BRDA:69,9,0,67
BRDA:69,9,1,3
BRDA:78,10,0,23
BRDA:78,10,1,21
BRDA:84,11,0,23
BRDA:84,11,1,0
BRDA:85,12,0,23
BRDA:85,12,1,0
BRDA:86,13,0,23
BRDA:86,13,1,23
BRDA:87,14,0,23
BRDA:87,14,1,5
BRDA:88,15,0,23
BRDA:88,15,1,5
BRDA:89,16,0,23
BRDA:89,16,1,5
BRDA:90,17,0,23
BRDA:90,17,1,5
BRDA:91,18,0,23
BRDA:91,18,1,4
BRDA:91,18,2,4
BRDA:92,19,0,23
BRDA:92,19,1,6
BRDA:100,20,0,13
BRDA:100,20,1,12
BRDA:106,21,0,10
BRDA:106,21,1,3
BRDA:108,22,0,3
BRDA:108,22,1,2
BRDA:109,23,0,13
BRDA:109,23,1,3
BRDA:117,24,0,11
BRDA:117,24,1,10
BRDA:123,25,0,11
BRDA:123,25,1,1
BRDA:123,25,2,0
BRDA:124,26,0,9
BRDA:124,26,1,2
BRDA:126,27,0,2
BRDA:126,27,1,2
BRDA:134,28,0,20
BRDA:134,28,1,19
BRDA:144,29,0,20
BRDA:144,29,1,9
BRDA:149,30,0,20
BRDA:149,30,1,10
BRF:65
BRH:62
end_of_record
TN:
SF:src/server/services/cards.ts
FN:42,syncAllCards
FN:91,upsertCardFromRaw
FNF:2
FNH:2
FNDA:4,syncAllCards
FNDA:19,upsertCardFromRaw
DA:43,4
DA:45,4
DA:46,4
DA:48,4
DA:50,4
DA:51,6
DA:52,6
DA:54,6
DA:55,6
DA:56,5
DA:58,6
DA:59,5
DA:60,5
DA:61,5
DA:63,0
DA:70,1
DA:77,4
DA:80,4
DA:92,19
DA:93,19
DA:94,19
DA:96,17
DA:98,17
DA:99,17
DA:101,5
DA:102,5
DA:110,2
DA:111,2
DA:119,1
DA:120,1
DA:128,9
DA:129,9
DA:137,0
DA:141,0
LF:34
LH:31
BRDA:46,0,0,4
BRDA:46,0,1,0
BRDA:51,1,0,6
BRDA:51,1,1,0
BRDA:56,2,0,5
BRDA:56,2,1,0
BRDA:64,3,0,0
BRDA:64,3,1,0
BRDA:65,4,0,0
BRDA:65,4,1,0
BRDA:72,5,0,1
BRDA:72,5,1,0
BRDA:92,6,0,19
BRDA:92,6,1,18
BRDA:93,7,0,0
BRDA:93,7,1,19
BRDA:94,8,0,2
BRDA:94,8,1,17
BRDA:99,9,0,17
BRDA:99,9,1,2
BRDA:99,9,2,1
BRDA:99,9,3,9
BRDA:138,10,0,0
BRDA:138,10,1,0
BRDA:139,11,0,0
BRDA:139,11,1,0
BRF:26
BRH:13
end_of_record
TN:
SF:src/server/services/pokemon.ts
FN:30,apiFetch
FN:64,getCardsByName
FN:73,getCardById
FN:82,getCardsBySet
FN:90,getAllSets
FN:99,getCardsByType
FN:108,getCardsByHP
FN:117,getCardsByRarity
FN:126,getSeriesById
FN:134,getAllSeries
FN:143,searchCards
FNF:11
FNH:11
FNDA:73,apiFetch
FNDA:6,getCardsByName
FNDA:27,getCardById
FNDA:3,getCardsBySet
FNDA:1,getAllSets
FNDA:2,getCardsByType
FNDA:2,getCardsByHP
FNDA:2,getCardsByRarity
FNDA:3,getSeriesById
FNDA:2,getAllSeries
FNDA:25,searchCards
DA:20,1
DA:31,73
DA:32,73
DA:34,73
DA:40,73
DA:46,73
DA:47,3
DA:48,3
DA:49,3
DA:51,39
DA:52,39
DA:56,73
DA:65,6
DA:74,27
DA:83,3
DA:91,1
DA:100,2
DA:109,2
DA:118,2
DA:127,3
DA:135,2
DA:150,25
DA:152,25
DA:153,25
DA:154,25
DA:155,25
DA:156,25
DA:158,25
DA:159,25
LF:29
LH:29
BRDA:46,0,0,3
BRDA:46,0,1,70
BRDA:54,1,0,31
BRDA:54,1,1,8
BRDA:152,2,0,14
BRDA:152,2,1,11
BRDA:153,3,0,0
BRDA:153,3,1,25
BRDA:154,4,0,0
BRDA:154,4,1,25
BRDA:155,5,0,4
BRDA:155,5,1,21
BRDA:156,6,0,1
BRDA:156,6,1,24
BRDA:159,7,0,15
BRDA:159,7,1,10
BRF:16
BRH:14
end_of_record
TN:
SF:src/server/utils/friendHelpers.ts
FN:18,removeFriendRequest
FN:20,(anonymous_1)
FN:30,hasPendingFriendRequest
FN:32,(anonymous_3)
FN:41,addFriendBidirectional
FN:55,removeFriendBidirectional
FN:57,(anonymous_6)
FN:60,(anonymous_7)
FN:71,getChatHistoryBetween
FN:90,deleteChatHistoryBetween
FNF:10
FNH:10
FNDA:8,removeFriendRequest
FNDA:11,(anonymous_1)
FNDA:7,hasPendingFriendRequest
FNDA:6,(anonymous_3)
FNDA:6,addFriendBidirectional
FNDA:4,removeFriendBidirectional
FNDA:4,(anonymous_6)
FNDA:4,(anonymous_7)
FNDA:3,getChatHistoryBetween
FNDA:3,deleteChatHistoryBetween
DA:19,8
DA:20,11
DA:31,7
DA:32,6
DA:42,6
DA:43,5
DA:45,6
DA:46,5
DA:56,4
DA:57,4
DA:59,4
DA:60,4
DA:76,3
DA:95,3
LF:14
LH:14
BRDA:42,0,0,5
BRDA:42,0,1,1
BRDA:45,1,0,5
BRDA:45,1,1,1
BRF:4
BRH:4
end_of_record
TN:
SF:src/server/utils/jwtHelpers.ts
FN:21,generateAuthToken
FNF:1
FNH:1
FNDA:31,generateAuthToken
DA:26,31
DA:28,31
LF:2
LH:2
BRDA:24,0,0,31
BRDA:26,1,0,31
BRDA:26,1,1,0
BRF:3
BRH:2
end_of_record
TN:
SF:src/server/utils/mongoHelpers.ts
FN:13,validateObjectId
FN:31,findUserFlexible
FNF:2
FNH:2
FNDA:32,validateObjectId
FNDA:8,findUserFlexible
DA:18,32
DA:19,10
DA:20,10
DA:22,22
DA:32,8
LF:5
LH:5
BRDA:16,0,0,32
BRDA:18,1,0,10
BRDA:18,1,1,22
BRF:3
BRH:3
end_of_record
TN:
SF:src/server/utils/packHelpers.ts
FN:26,computePackTokens
FN:73,validatePackTokens
FN:91,consumePackToken
FN:106,getPackOpenCount24h
FN:124,getRandomElement
FN:137,generatePackCards
FN:150,(anonymous_6)
FN:153,(anonymous_7)
FNF:8
FNH:8
FNDA:19,computePackTokens
FNDA:2,validatePackTokens
FNDA:5,consumePackToken
FNDA:3,getPackOpenCount24h
FNDA:8,getRandomElement
FNDA:6,generatePackCards
FNDA:45,(anonymous_6)
FNDA:87,(anonymous_7)
DA:15,1
DA:16,1
DA:17,1
DA:27,19
DA:30,19
DA:34,1
DA:35,1
DA:38,19
DA:39,19
DA:41,19
DA:42,1
DA:46,1
DA:52,19
DA:53,19
DA:55,19
DA:56,7
DA:57,7
DA:60,19
DA:74,2
DA:76,2
DA:77,1
DA:83,1
DA:92,5
DA:93,5
DA:95,4
DA:96,4
DA:97,4
DA:110,3
DA:111,3
DA:113,3
DA:125,8
DA:139,6
DA:140,6
DA:142,6
DA:143,27
DA:144,23
DA:145,23
DA:149,6
DA:150,6
DA:151,45
DA:152,45
DA:153,87
DA:155,45
DA:159,6
DA:161,6
LF:45
LH:45
BRDA:30,0,0,1
BRDA:30,0,1,18
BRDA:31,1,0,19
BRDA:31,1,1,18
BRDA:41,2,0,1
BRDA:41,2,1,18
BRDA:44,3,0,1
BRDA:44,3,1,1
BRDA:53,4,0,19
BRDA:53,4,1,6
BRDA:55,5,0,7
BRDA:55,5,1,12
BRDA:76,6,0,1
BRDA:76,6,1,1
BRDA:93,7,0,1
BRDA:93,7,1,4
BRDA:143,8,0,4
BRDA:143,8,1,23
BRDA:151,9,0,45
BRDA:151,9,1,0
BRDA:151,9,2,0
BRDA:155,10,0,45
BRDA:155,10,1,45
BRDA:159,11,0,3
BRDA:159,11,1,3
BRF:25
BRH:23
end_of_record
TN:
SF:src/server/utils/socketHelpers.ts
FN:21,emitToUser
FN:44,emitMultipleToUser
FN:52,(anonymous_2)
FNF:3
FNH:3
FNDA:4,emitToUser
FNDA:9,emitMultipleToUser
FNDA:11,(anonymous_2)
DA:27,4
DA:28,4
DA:49,9
DA:50,9
DA:52,9
DA:53,11
LF:6
LH:6
BRF:0
BRH:0
end_of_record
TN:
SF:src/server/utils/tradeHelpers.ts
FN:20,getPopulatedTrade
FN:33,getTradeByRoomCode
FN:48,getPaginatedTrades
FN:81,getPopulatedTradeRequest
FN:94,getPaginatedTradeRequests
FNF:5
FNH:5
FNDA:14,getPopulatedTrade
FNDA:7,getTradeByRoomCode
FNDA:25,getPaginatedTrades
FNDA:1,getPopulatedTradeRequest
FNDA:1,getPaginatedTradeRequests
DA:8,1
DA:21,14
DA:34,7
DA:53,25
DA:55,25
DA:64,24
DA:65,24
DA:67,24
DA:82,1
DA:99,1
DA:101,1
DA:108,1
DA:109,1
DA:111,1
LF:14
LH:14
BRDA:50,0,0,25
BRDA:51,1,0,25
BRDA:96,2,0,1
BRDA:97,3,0,1
BRF:4
BRH:4
end_of_record
TN:
SF:src/server/utils/userHelpers.ts
FN:19,findUserByIdentifier
FN:37,findUserOrFail
FN:55,checkUserExists
FN:70,sanitizeUserData
FN:91,isValidCollectionType
FN:104,getUserCardsPaginated
FN:157,validateOwnership
FN:168,findFriendByIdentifier
FN:178,getCurrentUserOrFail
FNF:9
FNH:9
FNDA:201,findUserByIdentifier
FNDA:34,findUserOrFail
FNDA:9,checkUserExists
FNDA:9,sanitizeUserData
FNDA:61,isValidCollectionType
FNDA:42,getUserCardsPaginated
FNDA:47,validateOwnership
FNDA:30,findFriendByIdentifier
FNDA:16,getCurrentUserOrFail
DA:21,201
DA:22,15
DA:23,15
DA:27,188
DA:38,34
DA:40,34
DA:41,4
DA:42,4
DA:45,30
DA:59,9
DA:63,9
DA:71,9
DA:74,9
DA:75,9
DA:77,9
DA:92,61
DA:109,42
DA:112,42
DA:113,42
DA:116,37
DA:117,42
DA:118,42
DA:121,42
DA:122,42
DA:123,2
DA:124,2
DA:128,37
DA:135,37
DA:136,37
DA:138,37
DA:139,37
DA:140,37
DA:142,42
DA:158,47
DA:169,30
DA:179,16
DA:180,2
DA:181,2
DA:184,14
DA:185,14
DA:186,1
DA:187,1
DA:190,13
LF:43
LH:43
BRDA:21,0,0,15
BRDA:21,0,1,186
BRDA:23,1,0,13
BRDA:23,1,1,2
BRDA:40,2,0,4
BRDA:40,2,1,30
BRDA:71,3,0,2
BRDA:71,3,1,7
BRDA:81,4,0,9
BRDA:81,4,1,4
BRDA:106,5,0,42
BRDA:107,6,0,42
BRDA:109,7,0,42
BRDA:113,8,0,5
BRDA:113,8,1,37
BRDA:116,9,0,37
BRDA:116,9,1,0
BRDA:117,10,0,10
BRDA:117,10,1,27
BRDA:118,11,0,10
BRDA:118,11,1,27
BRDA:122,12,0,2
BRDA:122,12,1,40
BRDA:124,13,0,2
BRDA:124,13,1,0
BRDA:135,14,0,1
BRDA:135,14,1,36
BRDA:136,15,0,10
BRDA:136,15,1,27
BRDA:140,16,0,10
BRDA:140,16,1,27
BRDA:147,17,0,42
BRDA:147,17,1,27
BRDA:179,18,0,2
BRDA:179,18,1,14
BRDA:180,19,0,2
BRDA:180,19,1,0
BRDA:185,20,0,1
BRDA:185,20,1,13
BRDA:185,21,0,14
BRDA:185,21,1,1
BRF:41
BRH:38
end_of_record
TN:
SF:src/server/utils/validationHelpers.ts
FN:18,findUserByUsernameOrEmail
FN:32,validateUsernameEmail
FN:63,validateUsernameOwnership
FN:78,validateRegistrationInput
FNF:4
FNH:4
FNDA:48,findUserByUsernameOrEmail
FNDA:28,validateUsernameEmail
FNDA:26,validateUsernameOwnership
FNDA:40,validateRegistrationInput
DA:19,48
DA:39,28
DA:40,9
DA:41,9
DA:42,3
DA:47,25
DA:48,6
DA:49,6
DA:50,1
DA:54,24
DA:67,26
DA:84,40
DA:85,12
DA:88,28
DA:89,5
DA:92,23
LF:16
LH:16
BRDA:39,0,0,9
BRDA:39,0,1,19
BRDA:39,1,0,28
BRDA:39,1,1,10
BRDA:41,2,0,3
BRDA:41,2,1,6
BRDA:47,3,0,6
BRDA:47,3,1,19
BRDA:47,4,0,25
BRDA:47,4,1,7
BRDA:49,5,0,1
BRDA:49,5,1,5
BRDA:84,6,0,12
BRDA:84,6,1,28
BRDA:84,7,0,40
BRDA:84,7,1,36
BRDA:84,7,2,32
BRDA:84,7,3,31
BRDA:88,8,0,5
BRDA:88,8,1,23
BRF:20
BRH:20
end_of_record
